0 info it worked if it ends with ok
1 verbose cli [ '/usr/local/bin/node', '/Users/Juls/.node/bin/npm', 'start' ]
2 info using npm@3.3.5
3 info using node@v4.1.1
4 verbose run-script [ 'prestart', 'start', 'poststart' ]
5 info lifecycle p5-es6-webpack-seed@1.0.0~prestart: p5-es6-webpack-seed@1.0.0
6 silly lifecycle p5-es6-webpack-seed@1.0.0~prestart: no script for prestart, continuing
7 info lifecycle p5-es6-webpack-seed@1.0.0~start: p5-es6-webpack-seed@1.0.0
8 verbose lifecycle p5-es6-webpack-seed@1.0.0~start: unsafe-perm in lifecycle true
9 verbose lifecycle p5-es6-webpack-seed@1.0.0~start: PATH: /Users/Juls/.node/lib/node_modules/npm/bin/node-gyp-bin:/Users/Juls/Documents/icanchase/puzzle-test/node_modules/.bin:/Users/Juls/.node/bin:/usr/bin:/bin:/usr/sbin:/sbin:/usr/local/bin:/usr/local/bin:/usr/bin:/bin:/usr/sbin:/sbin:/usr/local/git/bin
10 verbose lifecycle p5-es6-webpack-seed@1.0.0~start: CWD: /Users/Juls/Documents/icanchase/puzzle-test
11 silly lifecycle p5-es6-webpack-seed@1.0.0~start: Args: [ '-c',
11 silly lifecycle   'webpack && webpack-dev-server --watch --inline --content-base dist' ]
12 silly lifecycle p5-es6-webpack-seed@1.0.0~start: Returned: code: 1  signal: null
13 info lifecycle p5-es6-webpack-seed@1.0.0~start: Failed to exec start script
14 verbose stack Error: p5-es6-webpack-seed@1.0.0 start: `webpack && webpack-dev-server --watch --inline --content-base dist`
14 verbose stack Exit status 1
14 verbose stack     at EventEmitter.<anonymous> (/Users/Juls/.node/lib/node_modules/npm/lib/utils/lifecycle.js:233:16)
14 verbose stack     at emitTwo (events.js:87:13)
14 verbose stack     at EventEmitter.emit (events.js:172:7)
14 verbose stack     at ChildProcess.<anonymous> (/Users/Juls/.node/lib/node_modules/npm/lib/utils/spawn.js:24:14)
14 verbose stack     at emitTwo (events.js:87:13)
14 verbose stack     at ChildProcess.emit (events.js:172:7)
14 verbose stack     at maybeClose (internal/child_process.js:817:16)
14 verbose stack     at Process.ChildProcess._handle.onexit (internal/child_process.js:211:5)
15 verbose pkgid p5-es6-webpack-seed@1.0.0
16 verbose cwd /Users/Juls/Documents/icanchase/puzzle-test
17 error Darwin 14.5.0
18 error argv "/usr/local/bin/node" "/Users/Juls/.node/bin/npm" "start"
19 error node v4.1.1
20 error npm  v3.3.5
21 error code ELIFECYCLE
22 error p5-es6-webpack-seed@1.0.0 start: `webpack && webpack-dev-server --watch --inline --content-base dist`
22 error Exit status 1
23 error Failed at the p5-es6-webpack-seed@1.0.0 start script 'webpack && webpack-dev-server --watch --inline --content-base dist'.
23 error This is most likely a problem with the p5-es6-webpack-seed package,
23 error not with npm itself.
23 error Tell the author that this fails on your system:
23 error     webpack && webpack-dev-server --watch --inline --content-base dist
23 error You can get their info via:
23 error     npm owner ls p5-es6-webpack-seed
23 error There is likely additional logging output above.
24 verbose exit [ 1, true ]
